[18-Oct-2023 14:03:41] NOTICE: fpm is running, pid 5066
[18-Oct-2023 14:03:41] NOTICE: ready to handle connections
[18-Oct-2023 14:17:47] NOTICE: Terminating ...
[18-Oct-2023 14:17:47] NOTICE: Terminating ...
[18-Oct-2023 14:17:47] NOTICE: exiting, bye-bye!
[19-Oct-2023 13:21:41] NOTICE: fpm is running, pid 3864
[19-Oct-2023 13:21:41] NOTICE: ready to handle connections
[19-Oct-2023 13:32:08] NOTICE: Terminating ...
[19-Oct-2023 13:32:08] NOTICE: Terminating ...
[19-Oct-2023 13:32:08] NOTICE: exiting, bye-bye!
[31-Oct-2023 03:09:22] NOTICE: fpm is running, pid 1187
[31-Oct-2023 03:09:22] NOTICE: ready to handle connections
[31-Oct-2023 03:30:14] NOTICE: Terminating ...
[31-Oct-2023 03:30:14] NOTICE: Terminating ...
[31-Oct-2023 03:30:14] NOTICE: exiting, bye-bye!
[31-Oct-2023 13:00:33] NOTICE: fpm is running, pid 1091
[31-Oct-2023 13:00:33] NOTICE: ready to handle connections
[08-Nov-2023 01:30:49] NOTICE: fpm is running, pid 3746
[08-Nov-2023 01:30:49] NOTICE: ready to handle connections
[08-Nov-2023 01:36:25] NOTICE: Terminating ...
[08-Nov-2023 01:36:25] NOTICE: Terminating ...
[08-Nov-2023 01:36:25] NOTICE: exiting, bye-bye!
[08-Nov-2023 15:12:29] NOTICE: fpm is running, pid 1155
[08-Nov-2023 15:12:29] NOTICE: ready to handle connections
[08-Nov-2023 18:54:22] NOTICE: Terminating ...
[08-Nov-2023 18:54:22] NOTICE: Terminating ...
[08-Nov-2023 18:54:22] NOTICE: exiting, bye-bye!
[09-Nov-2023 01:32:00] NOTICE: fpm is running, pid 1000
[09-Nov-2023 01:32:00] NOTICE: ready to handle connections
[09-Nov-2023 02:46:54] NOTICE: Terminating ...
[09-Nov-2023 02:46:54] NOTICE: Terminating ...
[09-Nov-2023 02:46:54] NOTICE: exiting, bye-bye!
[09-Nov-2023 13:40:22] NOTICE: fpm is running, pid 1242
[09-Nov-2023 13:40:22] NOTICE: ready to handle connections
[09-Nov-2023 17:55:15] NOTICE: Terminating ...
[09-Nov-2023 17:55:15] NOTICE: Terminating ...
[09-Nov-2023 17:55:15] NOTICE: exiting, bye-bye!
[11-Nov-2023 01:46:47] NOTICE: fpm is running, pid 927
[11-Nov-2023 01:46:47] NOTICE: ready to handle connections
[11-Nov-2023 02:24:33] NOTICE: Terminating ...
[11-Nov-2023 02:24:33] NOTICE: Terminating ...
[11-Nov-2023 02:24:33] NOTICE: exiting, bye-bye!
[11-Nov-2023 09:57:59] NOTICE: fpm is running, pid 783
[11-Nov-2023 09:57:59] NOTICE: ready to handle connections
[11-Nov-2023 10:24:29] NOTICE: Terminating ...
[11-Nov-2023 10:24:29] NOTICE: Terminating ...
[11-Nov-2023 10:24:29] NOTICE: exiting, bye-bye!
[12-Nov-2023 12:53:40] NOTICE: fpm is running, pid 856
[12-Nov-2023 12:53:40] NOTICE: ready to handle connections
[12-Nov-2023 14:09:24] NOTICE: Terminating ...
[12-Nov-2023 14:09:24] NOTICE: Terminating ...
[12-Nov-2023 14:09:24] NOTICE: exiting, bye-bye!
[12-Nov-2023 22:48:56] NOTICE: fpm is running, pid 855
[12-Nov-2023 22:48:56] NOTICE: ready to handle connections
[13-Nov-2023 00:22:56] NOTICE: Terminating ...
[13-Nov-2023 00:22:56] NOTICE: Terminating ...
[13-Nov-2023 00:22:56] NOTICE: exiting, bye-bye!
[13-Nov-2023 00:26:20] NOTICE: fpm is running, pid 1804
[13-Nov-2023 00:26:20] NOTICE: ready to handle connections
[13-Nov-2023 00:33:02] NOTICE: Terminating ...
[13-Nov-2023 00:33:02] NOTICE: Terminating ...
[13-Nov-2023 00:33:02] NOTICE: exiting, bye-bye!
[13-Nov-2023 00:33:39] NOTICE: fpm is running, pid 1921
[13-Nov-2023 00:33:39] NOTICE: ready to handle connections
