[2023-10-31 13:41:45 : INFO] - Re_Smush_It_Task server status: Online 
[2023-10-31 13:41:45 : INFO] - A total of 18 tasks of type smush found and will be processed in this iteration 
[2023-10-31 13:41:45 : DEBUG] - Lock option (updraft_lock_smush, wp_options) was created in the database 
[2023-10-31 13:41:45 : INFO] - Lock (updraft_lock_smush, wp_options) acquired after initialising the database 
[2023-10-31 13:41:45 : INFO] - Processing task with ID : 1, and type 'smush' 
[2023-10-31 13:41:45 : INFO] - Re_Smush_It_Task - Attachment ID : 175, Started on : October 31, 2023 01:41:45 
[2023-10-31 13:41:45 : INFO] - File: cropped-image_03.jpg, Compression quality: 92 
[2023-10-31 13:41:46 : INFO] - Backing up the original image - 2020/08/cropped-image_03-updraft-pre-smush-original.jpg 
[2023-10-31 13:41:52 : INFO] - Successfully optimized the image - /Users/nassimekherbouche/Local Sites/chic-dressing/app/public/wp-content/uploads/2020/08/cropped-image_03.jpg.The file was compressed from 38.96 KB to 38.96 KB, saving 0 percent, using WP-Optimize 
[2023-10-31 13:41:52 : INFO] - Completed processing task with ID : 1, and type 'smush' 
[2023-10-31 13:41:52 : INFO] - Processing task with ID : 2, and type 'smush' 
[2023-10-31 13:41:52 : INFO] - Re_Smush_It_Task - Attachment ID : 176, Started on : October 31, 2023 01:41:45 
[2023-10-31 13:41:52 : INFO] - File: cropped-image_42.jpg, Compression quality: 92 
[2023-10-31 13:41:52 : INFO] - Backing up the original image - 2020/08/cropped-image_42-updraft-pre-smush-original.jpg 
[2023-10-31 13:41:54 : INFO] - Successfully optimized the image - /Users/nassimekherbouche/Local Sites/chic-dressing/app/public/wp-content/uploads/2020/08/cropped-image_42.jpg.The file was compressed from 41.67 KB to 40.50 KB, saving 2.8 percent, using WP-Optimize 
[2023-10-31 13:41:54 : INFO] - Completed processing task with ID : 2, and type 'smush' 
[2023-10-31 13:41:54 : INFO] - Processing task with ID : 3, and type 'smush' 
[2023-10-31 13:41:54 : INFO] - Re_Smush_It_Task - Attachment ID : 834, Started on : October 31, 2023 01:41:45 
[2023-10-31 13:41:54 : INFO] - File: sample-image-8.png, Compression quality: 92 
[2023-10-31 13:41:55 : INFO] - Backing up the original image - 2020/10/sample-image-8-updraft-pre-smush-original.png 
[2023-10-31 13:41:57 : INFO] - Successfully optimized the image - /Users/nassimekherbouche/Local Sites/chic-dressing/app/public/wp-content/uploads/2020/10/sample-image-8.png.The file was compressed from 264.40 KB to 94.43 KB, saving 64.29 percent, using WP-Optimize 
[2023-10-31 13:41:57 : INFO] - Completed processing task with ID : 3, and type 'smush' 
[2023-10-31 13:41:57 : INFO] - Processing task with ID : 4, and type 'smush' 
[2023-10-31 13:41:57 : INFO] - Re_Smush_It_Task - Attachment ID : 856, Started on : October 31, 2023 01:41:45 
[2023-10-31 13:41:57 : INFO] - File: sample-image-31.png, Compression quality: 92 
[2023-10-31 13:41:57 : INFO] - Backing up the original image - 2020/10/sample-image-31-updraft-pre-smush-original.png 
[2023-10-31 13:41:58 : INFO] - Successfully optimized the image - /Users/nassimekherbouche/Local Sites/chic-dressing/app/public/wp-content/uploads/2020/10/sample-image-31.png.The file was compressed from 1.17 KB to 930 bytes, saving 22.44 percent, using WP-Optimize 
[2023-10-31 13:41:58 : INFO] - Completed processing task with ID : 4, and type 'smush' 
[2023-10-31 13:41:58 : INFO] - Processing task with ID : 5, and type 'smush' 
[2023-10-31 13:41:58 : INFO] - Re_Smush_It_Task - Attachment ID : 921, Started on : October 31, 2023 01:41:45 
[2023-10-31 13:41:58 : INFO] - File: fashion-2021-09-01-22-37-14-utc.jpg, Compression quality: 92 
[2023-10-31 13:42:01 : INFO] - Backing up the original image - 2021/07/fashion-2021-09-01-22-37-14-utc-updraft-pre-smush-original.jpg 
[2023-10-31 13:42:18 : INFO] - Successfully optimized the image - /Users/nassimekherbouche/Local Sites/chic-dressing/app/public/wp-content/uploads/2021/07/fashion-2021-09-01-22-37-14-utc.jpg.The file was compressed from 328.08 KB to 317.47 KB, saving 3.23 percent, using WP-Optimize 
[2023-10-31 13:42:18 : INFO] - Completed processing task with ID : 5, and type 'smush' 
[2023-10-31 13:42:18 : INFO] - Processing task with ID : 6, and type 'smush' 
[2023-10-31 13:42:18 : INFO] - Re_Smush_It_Task - Attachment ID : 922, Started on : October 31, 2023 01:41:45 
[2023-10-31 13:42:18 : INFO] - File: cropped-fashion-2021-09-01-22-37-14-utc.jpg, Compression quality: 92 
[2023-10-31 13:42:19 : INFO] - Backing up the original image - 2021/07/cropped-fashion-2021-09-01-22-37-14-utc-updraft-pre-smush-original.jpg 
[2023-10-31 13:42:26 : INFO] - Successfully optimized the image - /Users/nassimekherbouche/Local Sites/chic-dressing/app/public/wp-content/uploads/2021/07/cropped-fashion-2021-09-01-22-37-14-utc.jpg.The file was compressed from 198.26 KB to 191.55 KB, saving 3.38 percent, using WP-Optimize 
[2023-10-31 13:42:26 : INFO] - Completed processing task with ID : 6, and type 'smush' 
[2023-10-31 13:42:26 : INFO] - Processing task with ID : 7, and type 'smush' 
[2023-10-31 13:42:26 : INFO] - Re_Smush_It_Task - Attachment ID : 933, Started on : October 31, 2023 01:41:45 
[2023-10-31 13:42:26 : INFO] - File: woocommerce-placeholder.png, Compression quality: 92 
[2023-10-31 13:42:28 : INFO] - Backing up the original image - woocommerce-placeholder-updraft-pre-smush-original.png 
[2023-10-31 13:42:34 : INFO] - Successfully optimized the image - /Users/nassimekherbouche/Local Sites/chic-dressing/app/public/wp-content/uploads/woocommerce-placeholder.png.The file was compressed from 84.63 KB to 55.76 KB, saving 34.12 percent, using WP-Optimize 
[2023-10-31 13:42:34 : INFO] - Completed processing task with ID : 7, and type 'smush' 
[2023-10-31 13:42:34 : INFO] - Processing task with ID : 8, and type 'smush' 
[2023-10-31 13:42:34 : INFO] - Re_Smush_It_Task - Attachment ID : 940, Started on : October 31, 2023 01:41:45 
[2023-10-31 13:42:34 : INFO] - File: fashion-2021-09-01-22-38-14-utc.jpg, Compression quality: 92 
[2023-10-31 13:42:36 : INFO] - Backing up the original image - 2022/04/fashion-2021-09-01-22-38-14-utc-updraft-pre-smush-original.jpg 
[2023-10-31 13:42:45 : INFO] - A total of 11 tasks of type smush found and will be processed in this iteration 
[2023-10-31 13:42:45 : DEBUG] - Lock option (updraft_lock_smush, wp_options) already existed in the database 
[2023-10-31 13:42:45 : INFO] - Lock (updraft_lock_smush, wp_options) could not be acquired (it is locked) 
[2023-10-31 13:42:45 : INFO] - Failed to gain semaphore lock (smush) - another process is already processing the queue - aborting (if this is wrong - i.e. if the other process crashed without removing the lock, then another can be started after 1 minute 
[2023-10-31 13:42:45 : INFO] - Cleaning up tasks of type (smush). A total of 7 tasks will be deleted. 
[2023-10-31 13:42:51 : INFO] - Successfully optimized the image - /Users/nassimekherbouche/Local Sites/chic-dressing/app/public/wp-content/uploads/2022/04/fashion-2021-09-01-22-38-14-utc.jpg.The file was compressed from 160.64 KB to 154.25 KB, saving 3.98 percent, using WP-Optimize 
[2023-10-31 13:42:51 : INFO] - Completed processing task with ID : 8, and type 'smush' 
[2023-10-31 13:42:51 : INFO] - Processing task with ID : 9, and type 'smush' 
[2023-10-31 13:42:51 : INFO] - Re_Smush_It_Task - Attachment ID : 949, Started on : October 31, 2023 01:41:45 
[2023-10-31 13:42:51 : INFO] - File: fall-fashion-2021-09-02-03-12-10-utc.jpg, Compression quality: 92 
[2023-10-31 13:42:54 : INFO] - Backing up the original image - 2022/05/fall-fashion-2021-09-02-03-12-10-utc-updraft-pre-smush-original.jpg 
[2023-10-31 13:43:08 : INFO] - Successfully optimized the image - /Users/nassimekherbouche/Local Sites/chic-dressing/app/public/wp-content/uploads/2022/05/fall-fashion-2021-09-02-03-12-10-utc.jpg.The file was compressed from 216.41 KB to 216.41 KB, saving 0 percent, using WP-Optimize 
[2023-10-31 13:43:08 : INFO] - Completed processing task with ID : 9, and type 'smush' 
[2023-10-31 13:43:08 : INFO] - Processing task with ID : 10, and type 'smush' 
[2023-10-31 13:43:08 : INFO] - Re_Smush_It_Task - Attachment ID : 951, Started on : October 31, 2023 01:41:45 
[2023-10-31 13:43:08 : INFO] - File: ussama-azam-5IcEBmSOQq0-unsplash.jpg, Compression quality: 92 
[2023-10-31 13:43:09 : INFO] - Backing up the original image - 2022/05/ussama-azam-5IcEBmSOQq0-unsplash-updraft-pre-smush-original.jpg 
[2023-10-31 13:43:26 : INFO] - Successfully optimized the image - /Users/nassimekherbouche/Local Sites/chic-dressing/app/public/wp-content/uploads/2022/05/ussama-azam-5IcEBmSOQq0-unsplash.jpg.The file was compressed from 93.01 KB to 88.43 KB, saving 4.93 percent, using WP-Optimize 
[2023-10-31 13:43:26 : INFO] - Completed processing task with ID : 10, and type 'smush' 
[2023-10-31 13:43:26 : INFO] - Processing task with ID : 11, and type 'smush' 
[2023-10-31 13:43:26 : INFO] - Re_Smush_It_Task - Attachment ID : 953, Started on : October 31, 2023 01:41:45 
[2023-10-31 13:43:26 : INFO] - File: armen-aydinyan-bhJfx7t4QUA-unsplash.jpg, Compression quality: 92 
[2023-10-31 13:43:29 : INFO] - Backing up the original image - 2020/08/armen-aydinyan-bhJfx7t4QUA-unsplash-updraft-pre-smush-original.jpg 
[2023-10-31 13:43:45 : INFO] - A total of 8 tasks of type smush found and will be processed in this iteration 
[2023-10-31 13:43:45 : DEBUG] - Lock option (updraft_lock_smush, wp_options) already existed in the database 
[2023-10-31 13:43:45 : INFO] - Lock (updraft_lock_smush, wp_options) could not be acquired (it is locked) 
[2023-10-31 13:43:45 : INFO] - Failed to gain semaphore lock (smush) - another process is already processing the queue - aborting (if this is wrong - i.e. if the other process crashed without removing the lock, then another can be started after 1 minute 
[2023-10-31 13:43:45 : INFO] - Cleaning up tasks of type (smush). A total of 3 tasks will be deleted. 
[2023-10-31 13:43:47 : INFO] - Successfully optimized the image - /Users/nassimekherbouche/Local Sites/chic-dressing/app/public/wp-content/uploads/2020/08/armen-aydinyan-bhJfx7t4QUA-unsplash.jpg.The file was compressed from 275.64 KB to 267.94 KB, saving 2.8 percent, using WP-Optimize 
[2023-10-31 13:43:47 : INFO] - Completed processing task with ID : 11, and type 'smush' 
[2023-10-31 13:43:47 : INFO] - Processing task with ID : 12, and type 'smush' 
[2023-10-31 13:43:47 : INFO] - Re_Smush_It_Task - Attachment ID : 954, Started on : October 31, 2023 01:41:45 
[2023-10-31 13:43:47 : INFO] - File: michael-lee-5Z9bgfRZLLE-unsplash.jpg, Compression quality: 92 
[2023-10-31 13:43:51 : INFO] - Backing up the original image - 2020/08/michael-lee-5Z9bgfRZLLE-unsplash-updraft-pre-smush-original.jpg 
[2023-10-31 13:44:08 : INFO] - Successfully optimized the image - /Users/nassimekherbouche/Local Sites/chic-dressing/app/public/wp-content/uploads/2020/08/michael-lee-5Z9bgfRZLLE-unsplash.jpg.The file was compressed from 307.53 KB to 296.46 KB, saving 3.6 percent, using WP-Optimize 
[2023-10-31 13:44:08 : INFO] - Completed processing task with ID : 12, and type 'smush' 
[2023-10-31 13:44:08 : INFO] - Processing task with ID : 13, and type 'smush' 
[2023-10-31 13:44:08 : INFO] - Re_Smush_It_Task - Attachment ID : 955, Started on : October 31, 2023 01:41:45 
[2023-10-31 13:44:08 : INFO] - File: michael-lee-Noqjeq2XJUk-unsplash.jpg, Compression quality: 92 
[2023-10-31 13:44:11 : INFO] - Backing up the original image - 2020/08/michael-lee-Noqjeq2XJUk-unsplash-updraft-pre-smush-original.jpg 
[2023-10-31 13:44:29 : INFO] - Successfully optimized the image - /Users/nassimekherbouche/Local Sites/chic-dressing/app/public/wp-content/uploads/2020/08/michael-lee-Noqjeq2XJUk-unsplash.jpg.The file was compressed from 252.52 KB to 246.16 KB, saving 2.52 percent, using WP-Optimize 
[2023-10-31 13:44:29 : INFO] - Completed processing task with ID : 13, and type 'smush' 
[2023-10-31 13:44:29 : INFO] - Processing task with ID : 14, and type 'smush' 
[2023-10-31 13:44:29 : INFO] - Re_Smush_It_Task - Attachment ID : 956, Started on : October 31, 2023 01:41:45 
[2023-10-31 13:44:29 : INFO] - File: raden-prasetya-CQDkSdPOzYY-unsplash.jpg, Compression quality: 92 
[2023-10-31 13:44:32 : INFO] - Backing up the original image - 2020/08/raden-prasetya-CQDkSdPOzYY-unsplash-updraft-pre-smush-original.jpg 
[2023-10-31 13:44:44 : INFO] - Successfully optimized the image - /Users/nassimekherbouche/Local Sites/chic-dressing/app/public/wp-content/uploads/2020/08/raden-prasetya-CQDkSdPOzYY-unsplash.jpg.The file was compressed from 131.40 KB to 129.69 KB, saving 1.3 percent, using WP-Optimize 
[2023-10-31 13:44:44 : INFO] - Completed processing task with ID : 14, and type 'smush' 
[2023-10-31 13:44:44 : INFO] - Processing task with ID : 15, and type 'smush' 
[2023-10-31 13:44:44 : INFO] - Re_Smush_It_Task - Attachment ID : 957, Started on : October 31, 2023 01:41:45 
[2023-10-31 13:44:44 : INFO] - File: rudy-issa-7DUSkuGgLyM-unsplash.jpg, Compression quality: 92 
[2023-10-31 13:44:45 : INFO] - A total of 4 tasks of type smush found and will be processed in this iteration 
[2023-10-31 13:44:45 : DEBUG] - Lock option (updraft_lock_smush, wp_options) already existed in the database 
[2023-10-31 13:44:45 : INFO] - Lock (updraft_lock_smush, wp_options) could not be acquired (it is locked) 
[2023-10-31 13:44:45 : INFO] - Failed to gain semaphore lock (smush) - another process is already processing the queue - aborting (if this is wrong - i.e. if the other process crashed without removing the lock, then another can be started after 1 minute 
[2023-10-31 13:44:45 : INFO] - Cleaning up tasks of type (smush). A total of 4 tasks will be deleted. 
[2023-10-31 13:44:46 : INFO] - Backing up the original image - 2020/08/rudy-issa-7DUSkuGgLyM-unsplash-updraft-pre-smush-original.jpg 
[2023-10-31 13:44:58 : INFO] - Successfully optimized the image - /Users/nassimekherbouche/Local Sites/chic-dressing/app/public/wp-content/uploads/2020/08/rudy-issa-7DUSkuGgLyM-unsplash.jpg.The file was compressed from 143.16 KB to 140.36 KB, saving 1.96 percent, using WP-Optimize 
[2023-10-31 13:44:58 : INFO] - Completed processing task with ID : 15, and type 'smush' 
[2023-10-31 13:44:58 : INFO] - Processing task with ID : 16, and type 'smush' 
[2023-10-31 13:44:58 : INFO] - Re_Smush_It_Task - Attachment ID : 958, Started on : October 31, 2023 01:41:45 
[2023-10-31 13:44:58 : INFO] - File: sasha-lebedeva-VwGcsgeM-YM-unsplash.jpg, Compression quality: 92 
[2023-10-31 13:45:02 : INFO] - Backing up the original image - 2020/08/sasha-lebedeva-VwGcsgeM-YM-unsplash-updraft-pre-smush-original.jpg 
[2023-10-31 13:45:17 : INFO] - Successfully optimized the image - /Users/nassimekherbouche/Local Sites/chic-dressing/app/public/wp-content/uploads/2020/08/sasha-lebedeva-VwGcsgeM-YM-unsplash.jpg.The file was compressed from 279.29 KB to 267.78 KB, saving 4.12 percent, using WP-Optimize 
[2023-10-31 13:45:17 : INFO] - Completed processing task with ID : 16, and type 'smush' 
[2023-10-31 13:45:17 : INFO] - Processing task with ID : 17, and type 'smush' 
[2023-10-31 13:45:17 : INFO] - Re_Smush_It_Task - Attachment ID : 959, Started on : October 31, 2023 01:41:45 
[2023-10-31 13:45:17 : INFO] - File: yogendra-singh-_c56tTiztfA-unsplash.jpg, Compression quality: 92 
[2023-10-31 13:45:20 : INFO] - Backing up the original image - 2020/08/yogendra-singh-_c56tTiztfA-unsplash-updraft-pre-smush-original.jpg 
[2023-10-31 13:45:33 : INFO] - Successfully optimized the image - /Users/nassimekherbouche/Local Sites/chic-dressing/app/public/wp-content/uploads/2020/08/yogendra-singh-_c56tTiztfA-unsplash.jpg.The file was compressed from 160.23 KB to 157.84 KB, saving 1.49 percent, using WP-Optimize 
[2023-10-31 13:45:33 : INFO] - Completed processing task with ID : 17, and type 'smush' 
[2023-10-31 13:45:33 : INFO] - Processing task with ID : 18, and type 'smush' 
[2023-10-31 13:45:33 : INFO] - Re_Smush_It_Task - Attachment ID : 960, Started on : October 31, 2023 01:41:45 
[2023-10-31 13:45:33 : INFO] - File: yogendra-singh-kOIODZD_ByQ-unsplash.jpg, Compression quality: 92 
[2023-10-31 13:45:36 : INFO] - Backing up the original image - 2020/08/yogendra-singh-kOIODZD_ByQ-unsplash-updraft-pre-smush-original.jpg 
[2023-10-31 13:45:45 : INFO] - A total of 1 tasks of type smush found and will be processed in this iteration 
[2023-10-31 13:45:45 : DEBUG] - Lock option (updraft_lock_smush, wp_options) already existed in the database 
[2023-10-31 13:45:45 : INFO] - Lock (updraft_lock_smush, wp_options) could not be acquired (it is locked) 
[2023-10-31 13:45:45 : INFO] - Failed to gain semaphore lock (smush) - another process is already processing the queue - aborting (if this is wrong - i.e. if the other process crashed without removing the lock, then another can be started after 1 minute 
[2023-10-31 13:45:45 : INFO] - Cleaning up tasks of type (smush). A total of 3 tasks will be deleted. 
[2023-10-31 13:45:53 : INFO] - Successfully optimized the image - /Users/nassimekherbouche/Local Sites/chic-dressing/app/public/wp-content/uploads/2020/08/yogendra-singh-kOIODZD_ByQ-unsplash.jpg.The file was compressed from 205.49 KB to 199.61 KB, saving 2.86 percent, using WP-Optimize 
[2023-10-31 13:45:53 : INFO] - Completed processing task with ID : 18, and type 'smush' 
[2023-10-31 13:45:53 : INFO] - Lock option (updraft_lock_smush, wp_options) released 
[2023-10-31 13:45:53 : INFO] - Successfully processed the queue (smush). 18 tasks were processed out of 18. 
[2023-10-31 13:45:53 : INFO] - Lock option (updraft_lock_smush, wp_options) was deleted from the database 
[2023-10-31 13:45:53 : INFO] - Cleaning up tasks of type (smush). A total of 1 tasks will be deleted. 
